2020.10.08 08:06:38 INFO  started: Metals version 0.9.4 in workspace '/Users/maxgrok/Desktop/sbv-site-1' for client vscode.
2020.10.08 08:06:41 INFO  time: initialize in 3.97s
2020.10.08 08:06:48 WARN  no build tool detected in workspace '/Users/maxgrok/Desktop/sbv-site-1'. The most common cause for this problem is that the editor was opened in the wrong working directory, for example if you use sbt then the workspace directory should contain build.sbt. 
Oct 08, 2020 8:11:41 AM org.eclipse.lsp4j.jsonrpc.services.GenericEndpoint notify
INFO: Unsupported notification method: $/setTraceNotification
Oct 08, 2020 8:11:43 AM org.eclipse.lsp4j.jsonrpc.services.GenericEndpoint notify
INFO: Unsupported notification method: $/setTraceNotification
2020.10.09 16:47:48 INFO  shutting down Metals
2020.10.11 07:23:53 INFO  started: Metals version 0.9.4 in workspace '/Users/maxgrok/Desktop/sbv-site-1' for client vscode.
2020.10.11 07:23:56 INFO  time: initialize in 2.86s
2020.10.11 07:24:00 WARN  no build tool detected in workspace '/Users/maxgrok/Desktop/sbv-site-1'. The most common cause for this problem is that the editor was opened in the wrong working directory, for example if you use sbt then the workspace directory should contain build.sbt. 
Oct 13, 2020 5:22:47 PM org.eclipse.lsp4j.jsonrpc.services.GenericEndpoint notify
INFO: Unsupported notification method: $/setTraceNotification
Oct 13, 2020 5:22:48 PM org.eclipse.lsp4j.jsonrpc.services.GenericEndpoint notify
INFO: Unsupported notification method: $/setTraceNotification
Oct 13, 2020 5:22:49 PM org.eclipse.lsp4j.jsonrpc.services.GenericEndpoint notify
INFO: Unsupported notification method: $/setTraceNotification
Oct 13, 2020 5:22:51 PM org.eclipse.lsp4j.jsonrpc.services.GenericEndpoint notify
INFO: Unsupported notification method: $/setTraceNotification
Oct 13, 2020 5:22:53 PM org.eclipse.lsp4j.jsonrpc.services.GenericEndpoint notify
INFO: Unsupported notification method: $/setTraceNotification
Oct 13, 2020 5:22:54 PM org.eclipse.lsp4j.jsonrpc.services.GenericEndpoint notify
INFO: Unsupported notification method: $/setTraceNotification
